2024-11-09 16:19:13,729 - INFO - User 11222 logged in successfully
2024-11-09 16:19:13,914 - ERROR - Failed to update status bar: 'NoneType' object is not subscriptable
2024-11-09 16:19:29,118 - INFO - User 1334 logged in successfully
2024-11-09 16:19:29,252 - ERROR - Failed to update status bar: 'NoneType' object is not subscriptable
2024-11-09 16:19:38,086 - INFO - Started sharing Presentation.pdf
2024-11-09 16:19:46,695 - INFO - Started downloading Presentation.pdf.torrent
2024-11-09 16:20:19,092 - INFO - User 11122 logged in successfully
2024-11-09 16:20:20,051 - ERROR - Failed to update status bar: 'NoneType' object is not subscriptable
2024-11-09 16:20:28,570 - INFO - Started downloading Presentation.pdf.torrent
2024-11-09 16:20:52,580 - INFO - Disconnected peer: -PY0001-F1K3xuBUNOs5
2024-11-09 16:23:25,568 - INFO - User 11233 logged in successfully
2024-11-09 16:23:25,742 - ERROR - Failed to update status bar: 'NoneType' object is not subscriptable
2024-11-09 16:23:34,502 - INFO - User 12233 logged in successfully
2024-11-09 16:23:34,591 - ERROR - Failed to update status bar: 'NoneType' object is not subscriptable
2024-11-09 16:23:35,602 - ERROR - Failed to update status bar: 'NoneType' object is not subscriptable
2024-11-09 16:23:42,377 - INFO - Started sharing Presentation.pdf
2024-11-09 16:23:49,055 - INFO - Started downloading Presentation.pdf.torrent
2024-11-09 16:24:07,214 - INFO - Disconnected peer: -PY0001-qjxrYmgRoj3B
2024-11-09 16:28:09,676 - INFO - User 12344 logged in successfully
2024-11-09 16:28:10,379 - ERROR - Failed to update status bar: 'NoneType' object is not subscriptable
2024-11-09 16:28:18,414 - INFO - User 22222 logged in successfully
2024-11-09 16:28:19,035 - ERROR - Failed to update status bar: 'NoneType' object is not subscriptable
2024-11-09 16:28:25,617 - INFO - Started sharing Presentation.pdf
2024-11-09 16:28:44,537 - INFO - Started downloading Presentation.pdf.torrent
2024-11-09 16:29:02,681 - INFO - Disconnected peer: -PY0001-AZTn7lsCVXyO
2024-11-09 16:30:47,374 - INFO - User 111222 logged in successfully
2024-11-09 16:30:48,381 - ERROR - Failed to update status bar: 'NoneType' object is not subscriptable
2024-11-09 16:30:55,487 - INFO - User 222333 logged in successfully
2024-11-09 16:30:56,268 - ERROR - Failed to update status bar: 'NoneType' object is not subscriptable
2024-11-09 16:31:04,242 - INFO - Started sharing Presentation.pdf
2024-11-09 16:31:15,745 - INFO - Started downloading Presentation.pdf.torrent
2024-11-09 16:31:25,833 - INFO - Disconnected peer: -PY0001-UeZ8uxQdLMJl
2024-11-09 16:34:12,257 - INFO - User 122444 logged in successfully
2024-11-09 16:34:14,889 - INFO - User 222 logged in successfully
2024-11-09 16:34:18,789 - INFO - Started sharing Presentation.pdf
2024-11-09 16:34:25,617 - INFO - Started downloading Presentation.pdf.torrent
2024-11-09 16:34:41,744 - INFO - Disconnected peer: -PY0001-cY7lbNdp1q96
2024-11-09 16:51:24,849 - INFO - User 123 logged in successfully
2024-11-09 16:51:24,968 - ERROR - Failed to update status bar: 'NoneType' object is not subscriptable
2024-11-09 16:51:32,662 - INFO - User 11122 logged in successfully
2024-11-09 16:51:33,386 - ERROR - Failed to update status bar: 'NoneType' object is not subscriptable
2024-11-09 16:51:41,648 - INFO - Started sharing Presentation.pdf
2024-11-09 16:51:49,396 - INFO - Started downloading Presentation.pdf.torrent
2024-11-09 16:51:56,458 - INFO - Disconnected peer: -PY0001-6gZIR4GJMEJX
2024-11-09 16:52:02,502 - INFO - Disconnected peer: -PY0001-o1Dt3BI0dYIn
